{
  timestamp: 'Tue, 14 Jul 2020 21:03:56 GMT',
  level: 'info',
  message: 'Mailing instance Ready.'
}
{
  timestamp: 'Tue, 14 Jul 2020 21:03:56 GMT',
  level: 'info',
  message: 'Server Ready.'
}
{
  timestamp: 'Tue, 14 Jul 2020 21:11:55 GMT',
  level: 'http',
  message: 'Got POST search request...'
}
{
  timestamp: 'Tue, 14 Jul 2020 21:11:55 GMT',
  level: 'error',
  message: 'Missing or malfunct body.'
}
{
  timestamp: 'Tue, 14 Jul 2020 21:12:10 GMT',
  level: 'http',
  message: 'Got POST search request...'
}
{
  timestamp: 'Tue, 14 Jul 2020 21:12:11 GMT',
  level: 'error',
  message: 'Send error! ---> Error: Invalid login: 535-5.7.8 Username and Password not accepted. Learn more at\n' +
    '535 5.7.8  https://support.google.com/mail/?p=BadCredentials 125sm24810773qkg.88 - gsmtp'
}
{
  timestamp: 'Tue, 14 Jul 2020 21:13:54 GMT',
  level: 'info',
  message: 'Mailing instance Ready.'
}
{
  timestamp: 'Tue, 14 Jul 2020 21:13:54 GMT',
  level: 'info',
  message: 'Server Ready.'
}
{
  timestamp: 'Tue, 14 Jul 2020 21:13:58 GMT',
  level: 'http',
  message: 'Got feedback request...'
}
{
  timestamp: 'Tue, 14 Jul 2020 21:17:26 GMT',
  level: 'info',
  message: 'Mailing instance Ready.'
}
{
  timestamp: 'Tue, 14 Jul 2020 21:17:26 GMT',
  level: 'info',
  message: 'Server Ready.'
}
{
  timestamp: 'Tue, 14 Jul 2020 21:18:12 GMT',
  level: 'http',
  message: 'Got feedback request...'
}
{
  timestamp: 'Tue, 14 Jul 2020 21:18:14 GMT',
  level: 'info',
  message: 'Connection closed OK.'
}
{
  timestamp: 'Tue, 14 Jul 2020 21:18:14 GMT',
  level: 'info',
  message: 'Sending OK.'
}
